This file contains any messages produced by compilers while
running configure, to aid debugging if configure makes a mistake.

It was created by SDL2_ttf configure 2.25.0, which was
generated by GNU Autoconf 2.71.  Invocation command line was

  $ ./configure --host=powerpc-apple-macos --enable-harfbuzz=no 'SDL_LIBS=-L/home/nick/Retro68-build/toolchain/powerpc-apple-macos/lib -lSDL2 -lm' SDL_CFLAGS=-I/home/nick/Retro68-build/toolchain/powerpc-apple-macos/include/SDL2

## --------- ##
## Platform. ##
## --------- ##

hostname = nick-hplaptop17by0xxx
uname -m = x86_64
uname -r = 6.8.0-58-generic
uname -s = Linux
uname -v = #60-Ubuntu SMP PREEMPT_DYNAMIC Fri Mar 14 18:29:48 UTC 2025

/usr/bin/uname -p = x86_64
/bin/uname -X     = unknown

/bin/arch              = x86_64
/usr/bin/arch -k       = unknown
/usr/convex/getsysinfo = unknown
/usr/bin/hostinfo      = unknown
/bin/machine           = unknown
/usr/bin/oslevel       = unknown
/bin/universe          = unknown

PATH: /usr/local/sbin/
PATH: /usr/local/bin/
PATH: /usr/sbin/
PATH: /usr/bin/
PATH: /sbin/
PATH: /bin/
PATH: /usr/games/
PATH: /usr/local/games/
PATH: /snap/bin/
PATH: /home/nick/Retro68-build/toolchain/bin/
PATH: /opt/m68k-amigaos/bin/


## ----------- ##
## Core tests. ##
## ----------- ##

configure:3205: looking for aux files: missing install-sh compile config.guess config.sub ltmain.sh
configure:3218:  trying ./
configure:3247:   ./missing found
configure:3229:   ./install-sh found
configure:3247:   ./compile found
configure:3247:   ./config.guess found
configure:3247:   ./config.sub found
configure:3247:   ./ltmain.sh found
configure:3411: checking build system type
configure:3426: result: x86_64-pc-linux-gnu
configure:3446: checking host system type
configure:3460: result: powerpc-apple-macos
configure:3501: checking for powerpc-apple-macos-gcc
configure:3522: found /home/nick/Retro68-build/toolchain/bin/powerpc-apple-macos-gcc
configure:3533: result: powerpc-apple-macos-gcc
configure:3931: checking for C compiler version
configure:3940: powerpc-apple-macos-gcc --version >&5
powerpc-apple-macos-gcc (GCC) 12.2.0
Copyright (C) 2022 Free Software Foundation, Inc.
This is free software; see the source for copying conditions.  There is NO
warranty; not even for MERCHANTABILITY or FITNESS FOR A PARTICULAR PURPOSE.

configure:3951: $? = 0
configure:3940: powerpc-apple-macos-gcc -v >&5
Using built-in specs.
COLLECT_GCC=powerpc-apple-macos-gcc
COLLECT_LTO_WRAPPER=/home/nick/Retro68-build/toolchain/libexec/gcc/powerpc-apple-macos/12.2.0/lto-wrapper
Target: powerpc-apple-macos
Configured with: /home/nick/Retro68/gcc/configure --target=powerpc-apple-macos --prefix=/home/nick/Retro68-build/toolchain/ --enable-languages=c,c++ --disable-libssp --disable-lto MAKEINFO=missing
Thread model: aix
Supported LTO compression algorithms: zlib zstd
gcc version 12.2.0 (GCC) 
configure:3951: $? = 0
configure:3940: powerpc-apple-macos-gcc -V >&5
powerpc-apple-macos-gcc: error: unrecognized command-line option '-V'
powerpc-apple-macos-gcc: fatal error: no input files
compilation terminated.
configure:3951: $? = 1
configure:3940: powerpc-apple-macos-gcc -qversion >&5
powerpc-apple-macos-gcc: error: unrecognized command-line option '-qversion'; did you mean '--version'?
powerpc-apple-macos-gcc: fatal error: no input files
compilation terminated.
configure:3951: $? = 1
configure:3940: powerpc-apple-macos-gcc -version >&5
powerpc-apple-macos-gcc: error: unrecognized command-line option '-version'
powerpc-apple-macos-gcc: fatal error: no input files
compilation terminated.
configure:3951: $? = 1
configure:3971: checking whether the C compiler works
configure:3993: powerpc-apple-macos-gcc    conftest.c  >&5
configure:3997: $? = 0
configure:4047: result: yes
configure:4050: checking for C compiler default output file name
configure:4052: result: a.out
configure:4058: checking for suffix of executables
configure:4065: powerpc-apple-macos-gcc -o conftest    conftest.c  >&5
configure:4069: $? = 0
configure:4092: result: 
configure:4114: checking whether we are cross compiling
configure:4122: powerpc-apple-macos-gcc -o conftest    conftest.c  >&5
configure:4126: $? = 0
configure:4133: ./conftest
./configure: line 4135: ./conftest: cannot execute binary file: Exec format error
configure:4137: $? = 126
configure:4152: result: yes
configure:4157: checking for suffix of object files
configure:4180: powerpc-apple-macos-gcc -c   conftest.c >&5
configure:4184: $? = 0
configure:4206: result: o
configure:4210: checking whether the compiler supports GNU C
configure:4230: powerpc-apple-macos-gcc -c   conftest.c >&5
configure:4230: $? = 0
configure:4240: result: yes
configure:4251: checking whether powerpc-apple-macos-gcc accepts -g
configure:4272: powerpc-apple-macos-gcc -c -g  conftest.c >&5
configure:4272: $? = 0
configure:4316: result: yes
configure:4336: checking for powerpc-apple-macos-gcc option to enable C11 features
configure:4351: powerpc-apple-macos-gcc  -c -g -O2  conftest.c >&5
configure:4351: $? = 0
configure:4369: result: none needed
configure:4485: checking whether powerpc-apple-macos-gcc understands -c and -o together
configure:4508: powerpc-apple-macos-gcc -c conftest.c -o conftest2.o
configure:4511: $? = 0
configure:4508: powerpc-apple-macos-gcc -c conftest.c -o conftest2.o
configure:4511: $? = 0
configure:4523: result: yes
configure:4540: checking for a sed that does not truncate output
configure:4610: result: /usr/bin/sed
configure:4628: checking for grep that handles long lines and -e
configure:4692: result: /usr/bin/grep
configure:4697: checking for egrep
configure:4765: result: /usr/bin/grep -E
configure:4770: checking for fgrep
configure:4838: result: /usr/bin/grep -F
configure:4874: checking for ld used by powerpc-apple-macos-gcc
configure:4942: result: /home/nick/Retro68-build/toolchain/powerpc-apple-macos/bin/ld
configure:4949: checking if the linker (/home/nick/Retro68-build/toolchain/powerpc-apple-macos/bin/ld) is GNU ld
configure:4965: result: yes
configure:4977: checking for BSD- or MS-compatible name lister (nm)
configure:5027: result: /home/nick/Retro68-build/toolchain/bin/powerpc-apple-macos-nm -B
configure:5155: checking the name lister (/home/nick/Retro68-build/toolchain/bin/powerpc-apple-macos-nm -B) interface
configure:5163: powerpc-apple-macos-gcc -c -g -O2  conftest.c >&5
configure:5166: /home/nick/Retro68-build/toolchain/bin/powerpc-apple-macos-nm -B "conftest.o"
configure:5169: output
00000000 d .data
00000000 t .text
00000000 d TOC
00000000 d _conftest.rw_
00000010 B some_variable
configure:5176: result: BSD nm
configure:5179: checking whether ln -s works
configure:5183: result: yes
configure:5191: checking the maximum length of command line arguments
configure:5318: result: 1572864
configure:5335: checking whether the shell understands some XSI constructs
configure:5345: result: yes
configure:5349: checking whether the shell understands "+="
configure:5355: result: yes
configure:5390: checking for /home/nick/Retro68-build/toolchain/powerpc-apple-macos/bin/ld option to reload object files
configure:5398: result: -r
configure:5427: checking for powerpc-apple-macos-objdump
configure:5448: found /home/nick/Retro68-build/toolchain/bin/powerpc-apple-macos-objdump
configure:5459: result: powerpc-apple-macos-objdump
configure:5533: checking how to recognize dependent libraries
configure:5735: result: unknown
configure:5755: checking for powerpc-apple-macos-ar
configure:5776: found /home/nick/Retro68-build/toolchain/bin/powerpc-apple-macos-ar
configure:5787: result: powerpc-apple-macos-ar
configure:5870: checking for powerpc-apple-macos-strip
configure:5891: found /home/nick/Retro68-build/toolchain/bin/powerpc-apple-macos-strip
configure:5902: result: powerpc-apple-macos-strip
configure:5979: checking for powerpc-apple-macos-ranlib
configure:6000: found /home/nick/Retro68-build/toolchain/bin/powerpc-apple-macos-ranlib
configure:6011: result: powerpc-apple-macos-ranlib
configure:6146: checking command to parse /home/nick/Retro68-build/toolchain/bin/powerpc-apple-macos-nm -B output from powerpc-apple-macos-gcc object
configure:6265: powerpc-apple-macos-gcc -c -g -O2  conftest.c >&5
configure:6268: $? = 0
configure:6272: /home/nick/Retro68-build/toolchain/bin/powerpc-apple-macos-nm -B conftest.o \| sed -n -e 's/^.*[	 ]\([ABCDGIRSTW][ABCDGIRSTW]*\)[	 ][	 ]*\([_A-Za-z][_A-Za-z0-9]*\)$/\1 \2 \2/p' \> conftest.nm
configure:6275: $? = 0
configure:6329: powerpc-apple-macos-gcc -o conftest -g -O2   conftest.c conftstm.o >&5
configure:6332: $? = 0
configure:6370: result: ok
configure:7232: checking for stdio.h
configure:7232: powerpc-apple-macos-gcc -c -g -O2  conftest.c >&5
configure:7232: $? = 0
configure:7232: result: yes
configure:7232: checking for stdlib.h
configure:7232: powerpc-apple-macos-gcc -c -g -O2  conftest.c >&5
configure:7232: $? = 0
configure:7232: result: yes
configure:7232: checking for string.h
configure:7232: powerpc-apple-macos-gcc -c -g -O2  conftest.c >&5
configure:7232: $? = 0
configure:7232: result: yes
configure:7232: checking for inttypes.h
configure:7232: powerpc-apple-macos-gcc -c -g -O2  conftest.c >&5
configure:7232: $? = 0
configure:7232: result: yes
configure:7232: checking for stdint.h
configure:7232: powerpc-apple-macos-gcc -c -g -O2  conftest.c >&5
configure:7232: $? = 0
configure:7232: result: yes
configure:7232: checking for strings.h
configure:7232: powerpc-apple-macos-gcc -c -g -O2  conftest.c >&5
configure:7232: $? = 0
configure:7232: result: yes
configure:7232: checking for sys/stat.h
configure:7232: powerpc-apple-macos-gcc -c -g -O2  conftest.c >&5
configure:7232: $? = 0
configure:7232: result: yes
configure:7232: checking for sys/types.h
configure:7232: powerpc-apple-macos-gcc -c -g -O2  conftest.c >&5
configure:7232: $? = 0
configure:7232: result: yes
configure:7232: checking for unistd.h
configure:7232: powerpc-apple-macos-gcc -c -g -O2  conftest.c >&5
configure:7232: $? = 0
configure:7232: result: yes
configure:7257: checking for dlfcn.h
configure:7257: powerpc-apple-macos-gcc -c -g -O2  conftest.c >&5
conftest.c:48:10: fatal error: dlfcn.h: No such file or directory
   48 | #include <dlfcn.h>
      |          ^~~~~~~~~
compilation terminated.
configure:7257: $? = 1
configure: failed program was:
| /* confdefs.h */
| #define PACKAGE_NAME "SDL2_ttf"
| #define PACKAGE_TARNAME "SDL2_ttf"
| #define PACKAGE_VERSION "2.25.0"
| #define PACKAGE_STRING "SDL2_ttf 2.25.0"
| #define PACKAGE_BUGREPORT "https://github.com/libsdl-org/SDL_ttf/issues"
| #define PACKAGE_URL ""
| #define HAVE_STDIO_H 1
| #define HAVE_STDLIB_H 1
| #define HAVE_STRING_H 1
| #define HAVE_INTTYPES_H 1
| #define HAVE_STDINT_H 1
| #define HAVE_STRINGS_H 1
| #define HAVE_SYS_STAT_H 1
| #define HAVE_SYS_TYPES_H 1
| #define HAVE_UNISTD_H 1
| #define STDC_HEADERS 1
| /* end confdefs.h.  */
| #include <stddef.h>
| #ifdef HAVE_STDIO_H
| # include <stdio.h>
| #endif
| #ifdef HAVE_STDLIB_H
| # include <stdlib.h>
| #endif
| #ifdef HAVE_STRING_H
| # include <string.h>
| #endif
| #ifdef HAVE_INTTYPES_H
| # include <inttypes.h>
| #endif
| #ifdef HAVE_STDINT_H
| # include <stdint.h>
| #endif
| #ifdef HAVE_STRINGS_H
| # include <strings.h>
| #endif
| #ifdef HAVE_SYS_TYPES_H
| # include <sys/types.h>
| #endif
| #ifdef HAVE_SYS_STAT_H
| # include <sys/stat.h>
| #endif
| #ifdef HAVE_UNISTD_H
| # include <unistd.h>
| #endif
| 
| #include <dlfcn.h>
configure:7257: result: no
configure:7770: checking for objdir
configure:7786: result: .libs
configure:8082: checking if powerpc-apple-macos-gcc supports -fno-rtti -fno-exceptions
configure:8101: powerpc-apple-macos-gcc -c -g -O2  -fno-rtti -fno-exceptions conftest.c >&5
cc1: warning: command-line option '-fno-rtti' is valid for C++/D/ObjC++ but not for C
configure:8105: $? = 0
configure:8118: result: no
configure:8138: checking for powerpc-apple-macos-gcc option to produce PIC
configure:8420: result: -fPIC -DPIC
configure:8432: checking if powerpc-apple-macos-gcc PIC flag -fPIC -DPIC works
configure:8451: powerpc-apple-macos-gcc -c -g -O2  -fPIC -DPIC -DPIC conftest.c >&5
configure:8455: $? = 0
configure:8468: result: yes
configure:8492: checking if powerpc-apple-macos-gcc static flag -static works
configure:8521: result: yes
configure:8536: checking if powerpc-apple-macos-gcc supports -c -o file.o
configure:8558: powerpc-apple-macos-gcc -c -g -O2  -o out/conftest2.o conftest.c >&5
configure:8562: $? = 0
configure:8584: result: yes
configure:8592: checking if powerpc-apple-macos-gcc supports -c -o file.o
configure:8640: result: yes
configure:8673: checking whether the powerpc-apple-macos-gcc linker (/home/nick/Retro68-build/toolchain/powerpc-apple-macos/bin/ld) supports shared libraries
configure:9707: result: no
configure:9946: checking dynamic linker characteristics
configure:10622: result: no
configure:10724: checking how to hardcode library paths into programs
configure:10749: result: unsupported
configure:11273: checking whether stripping libraries is possible
configure:11278: result: yes
configure:11313: checking if libtool supports shared libraries
configure:11315: result: no
configure:11318: checking whether to build shared libraries
configure:11339: result: no
configure:11342: checking whether to build static libraries
configure:11346: result: yes
configure:11432: checking for a BSD-compatible install
configure:11505: result: /usr/bin/install -c
configure:11516: checking whether build environment is sane
configure:11571: result: yes
configure:11623: checking for powerpc-apple-macos-strip
configure:11655: result: powerpc-apple-macos-strip
configure:11726: checking for a race-free mkdir -p
configure:11770: result: /usr/bin/mkdir -p
configure:11777: checking for gawk
configure:11812: result: no
configure:11777: checking for mawk
configure:11798: found /usr/bin/mawk
configure:11809: result: mawk
configure:11820: checking whether make sets $(MAKE)
configure:11843: result: yes
configure:11865: checking whether make supports the include directive
configure:11880: make -f confmf.GNU && cat confinc.out
this is the am__doit target
configure:11883: $? = 0
configure:11902: result: yes (GNU style)
configure:11937: checking whether make supports nested variables
configure:11955: result: yes
configure:12040: checking whether UID '1000' is supported by ustar format
configure:12046: result: yes
configure:12053: checking whether GID '1000' is supported by ustar format
configure:12059: result: yes
configure:12067: checking how to create a ustar tar archive
configure:12078: tar --version
tar (GNU tar) 1.35
Copyright (C) 2023 Free Software Foundation, Inc.
License GPLv3+: GNU GPL version 3 or later <https://gnu.org/licenses/gpl.html>.
This is free software: you are free to change and redistribute it.
There is NO WARRANTY, to the extent permitted by law.

Written by John Gilmore and Jay Fenlason.
configure:12081: $? = 0
configure:12121: tardir=conftest.dir && eval tar --format=ustar -cf - "$tardir" >conftest.tar
configure:12124: $? = 0
configure:12128: tar -xf - <conftest.tar
configure:12131: $? = 0
configure:12133: cat conftest.dir/file
GrepMe
configure:12136: $? = 0
configure:12150: result: gnutar
configure:12159: checking dependency style of powerpc-apple-macos-gcc
configure:12271: result: gcc3
configure:12352: checking for powerpc-apple-macos-gcc
configure:12384: result: powerpc-apple-macos-gcc
configure:12782: checking for C compiler version
configure:12791: powerpc-apple-macos-gcc --version >&5
powerpc-apple-macos-gcc (GCC) 12.2.0
Copyright (C) 2022 Free Software Foundation, Inc.
This is free software; see the source for copying conditions.  There is NO
warranty; not even for MERCHANTABILITY or FITNESS FOR A PARTICULAR PURPOSE.

configure:12802: $? = 0
configure:12791: powerpc-apple-macos-gcc -v >&5
Using built-in specs.
COLLECT_GCC=powerpc-apple-macos-gcc
COLLECT_LTO_WRAPPER=/home/nick/Retro68-build/toolchain/libexec/gcc/powerpc-apple-macos/12.2.0/lto-wrapper
Target: powerpc-apple-macos
Configured with: /home/nick/Retro68/gcc/configure --target=powerpc-apple-macos --prefix=/home/nick/Retro68-build/toolchain/ --enable-languages=c,c++ --disable-libssp --disable-lto MAKEINFO=missing
Thread model: aix
Supported LTO compression algorithms: zlib zstd
gcc version 12.2.0 (GCC) 
configure:12802: $? = 0
configure:12791: powerpc-apple-macos-gcc -V >&5
powerpc-apple-macos-gcc: error: unrecognized command-line option '-V'
powerpc-apple-macos-gcc: fatal error: no input files
compilation terminated.
configure:12802: $? = 1
configure:12791: powerpc-apple-macos-gcc -qversion >&5
powerpc-apple-macos-gcc: error: unrecognized command-line option '-qversion'; did you mean '--version'?
powerpc-apple-macos-gcc: fatal error: no input files
compilation terminated.
configure:12802: $? = 1
configure:12791: powerpc-apple-macos-gcc -version >&5
powerpc-apple-macos-gcc: error: unrecognized command-line option '-version'
powerpc-apple-macos-gcc: fatal error: no input files
compilation terminated.
configure:12802: $? = 1
configure:12806: checking whether the compiler supports GNU C
configure:12836: result: yes
configure:12847: checking whether powerpc-apple-macos-gcc accepts -g
configure:12912: result: yes
configure:12932: checking for powerpc-apple-macos-gcc option to enable C11 features
configure:12965: result: none needed
configure:13081: checking whether powerpc-apple-macos-gcc understands -c and -o together
configure:13119: result: yes
configure:13156: checking for powerpc-apple-macos-g++
configure:13177: found /home/nick/Retro68-build/toolchain/bin/powerpc-apple-macos-g++
configure:13188: result: powerpc-apple-macos-g++
configure:13264: checking for C++ compiler version
configure:13273: powerpc-apple-macos-g++ --version >&5
powerpc-apple-macos-g++ (GCC) 12.2.0
Copyright (C) 2022 Free Software Foundation, Inc.
This is free software; see the source for copying conditions.  There is NO
warranty; not even for MERCHANTABILITY or FITNESS FOR A PARTICULAR PURPOSE.

configure:13284: $? = 0
configure:13273: powerpc-apple-macos-g++ -v >&5
Using built-in specs.
COLLECT_GCC=powerpc-apple-macos-g++
COLLECT_LTO_WRAPPER=/home/nick/Retro68-build/toolchain/libexec/gcc/powerpc-apple-macos/12.2.0/lto-wrapper
Target: powerpc-apple-macos
Configured with: /home/nick/Retro68/gcc/configure --target=powerpc-apple-macos --prefix=/home/nick/Retro68-build/toolchain/ --enable-languages=c,c++ --disable-libssp --disable-lto MAKEINFO=missing
Thread model: aix
Supported LTO compression algorithms: zlib zstd
gcc version 12.2.0 (GCC) 
configure:13284: $? = 0
configure:13273: powerpc-apple-macos-g++ -V >&5
powerpc-apple-macos-g++: error: unrecognized command-line option '-V'
powerpc-apple-macos-g++: fatal error: no input files
compilation terminated.
configure:13284: $? = 1
configure:13273: powerpc-apple-macos-g++ -qversion >&5
powerpc-apple-macos-g++: error: unrecognized command-line option '-qversion'; did you mean '--version'?
powerpc-apple-macos-g++: fatal error: no input files
compilation terminated.
configure:13284: $? = 1
configure:13288: checking whether the compiler supports GNU C++
configure:13308: powerpc-apple-macos-g++ -c   conftest.cpp >&5
configure:13308: $? = 0
configure:13318: result: yes
configure:13329: checking whether powerpc-apple-macos-g++ accepts -g
configure:13350: powerpc-apple-macos-g++ -c -g  conftest.cpp >&5
configure:13350: $? = 0
configure:13394: result: yes
configure:13414: checking for powerpc-apple-macos-g++ option to enable C++11 features
configure:13429: powerpc-apple-macos-g++  -c -g -O2  conftest.cpp >&5
conftest.cpp: In function 'int main(int, char**)':
conftest.cpp:191:25: warning: empty parentheses were disambiguated as a function declaration [-Wvexing-parse]
  191 |   cxx11test::delegate d2();
      |                         ^~
conftest.cpp:191:25: note: remove parentheses to default-initialize a variable
  191 |   cxx11test::delegate d2();
      |                         ^~
      |                         --
conftest.cpp:191:25: note: or replace parentheses with braces to value-initialize a variable
configure:13429: $? = 0
configure:13447: result: none needed
configure:13634: checking for C++ compiler version
configure:13643: powerpc-apple-macos-g++ --version >&5
powerpc-apple-macos-g++ (GCC) 12.2.0
Copyright (C) 2022 Free Software Foundation, Inc.
This is free software; see the source for copying conditions.  There is NO
warranty; not even for MERCHANTABILITY or FITNESS FOR A PARTICULAR PURPOSE.

configure:13654: $? = 0
configure:13643: powerpc-apple-macos-g++ -v >&5
Using built-in specs.
COLLECT_GCC=powerpc-apple-macos-g++
COLLECT_LTO_WRAPPER=/home/nick/Retro68-build/toolchain/libexec/gcc/powerpc-apple-macos/12.2.0/lto-wrapper
Target: powerpc-apple-macos
Configured with: /home/nick/Retro68/gcc/configure --target=powerpc-apple-macos --prefix=/home/nick/Retro68-build/toolchain/ --enable-languages=c,c++ --disable-libssp --disable-lto MAKEINFO=missing
Thread model: aix
Supported LTO compression algorithms: zlib zstd
gcc version 12.2.0 (GCC) 
configure:13654: $? = 0
configure:13643: powerpc-apple-macos-g++ -V >&5
powerpc-apple-macos-g++: error: unrecognized command-line option '-V'
powerpc-apple-macos-g++: fatal error: no input files
compilation terminated.
configure:13654: $? = 1
configure:13643: powerpc-apple-macos-g++ -qversion >&5
powerpc-apple-macos-g++: error: unrecognized command-line option '-qversion'; did you mean '--version'?
powerpc-apple-macos-g++: fatal error: no input files
compilation terminated.
configure:13654: $? = 1
configure:13658: checking whether the compiler supports GNU C++
configure:13688: result: yes
configure:13699: checking whether powerpc-apple-macos-g++ accepts -g
configure:13764: result: yes
configure:13784: checking for powerpc-apple-macos-g++ option to enable C++11 features
configure:13817: result: none needed
configure:13883: checking dependency style of powerpc-apple-macos-g++
configure:13995: result: gcc3
configure:14018: checking how to run the C++ preprocessor
configure:14040: powerpc-apple-macos-g++ -E  conftest.cpp
configure:14040: $? = 0
configure:14055: powerpc-apple-macos-g++ -E  conftest.cpp
conftest.cpp:25:10: fatal error: ac_nonexistent.h: No such file or directory
   25 | #include <ac_nonexistent.h>
      |          ^~~~~~~~~~~~~~~~~~
compilation terminated.
configure:14055: $? = 1
configure: failed program was:
| /* confdefs.h */
| #define PACKAGE_NAME "SDL2_ttf"
| #define PACKAGE_TARNAME "SDL2_ttf"
| #define PACKAGE_VERSION "2.25.0"
| #define PACKAGE_STRING "SDL2_ttf 2.25.0"
| #define PACKAGE_BUGREPORT "https://github.com/libsdl-org/SDL_ttf/issues"
| #define PACKAGE_URL ""
| #define HAVE_STDIO_H 1
| #define HAVE_STDLIB_H 1
| #define HAVE_STRING_H 1
| #define HAVE_INTTYPES_H 1
| #define HAVE_STDINT_H 1
| #define HAVE_STRINGS_H 1
| #define HAVE_SYS_STAT_H 1
| #define HAVE_SYS_TYPES_H 1
| #define HAVE_UNISTD_H 1
| #define STDC_HEADERS 1
| #define LT_OBJDIR ".libs/"
| #define SDL_BUILD_MAJOR_VERSION 2
| #define SDL_BUILD_MINOR_VERSION 25
| #define SDL_BUILD_MICRO_VERSION 0
| #define PACKAGE "SDL2_ttf"
| #define VERSION "2.25.0"
| /* end confdefs.h.  */
| #include <ac_nonexistent.h>
configure:14082: result: powerpc-apple-macos-g++ -E
configure:14096: powerpc-apple-macos-g++ -E  conftest.cpp
configure:14096: $? = 0
configure:14111: powerpc-apple-macos-g++ -E  conftest.cpp
conftest.cpp:25:10: fatal error: ac_nonexistent.h: No such file or directory
   25 | #include <ac_nonexistent.h>
      |          ^~~~~~~~~~~~~~~~~~
compilation terminated.
configure:14111: $? = 1
configure: failed program was:
| /* confdefs.h */
| #define PACKAGE_NAME "SDL2_ttf"
| #define PACKAGE_TARNAME "SDL2_ttf"
| #define PACKAGE_VERSION "2.25.0"
| #define PACKAGE_STRING "SDL2_ttf 2.25.0"
| #define PACKAGE_BUGREPORT "https://github.com/libsdl-org/SDL_ttf/issues"
| #define PACKAGE_URL ""
| #define HAVE_STDIO_H 1
| #define HAVE_STDLIB_H 1
| #define HAVE_STRING_H 1
| #define HAVE_INTTYPES_H 1
| #define HAVE_STDINT_H 1
| #define HAVE_STRINGS_H 1
| #define HAVE_SYS_STAT_H 1
| #define HAVE_SYS_TYPES_H 1
| #define HAVE_UNISTD_H 1
| #define STDC_HEADERS 1
| #define LT_OBJDIR ".libs/"
| #define SDL_BUILD_MAJOR_VERSION 2
| #define SDL_BUILD_MINOR_VERSION 25
| #define SDL_BUILD_MICRO_VERSION 0
| #define PACKAGE "SDL2_ttf"
| #define VERSION "2.25.0"
| /* end confdefs.h.  */
| #include <ac_nonexistent.h>
configure:14282: checking for ld used by powerpc-apple-macos-g++
configure:14350: result: /home/nick/Retro68-build/toolchain/powerpc-apple-macos/bin/ld
configure:14357: checking if the linker (/home/nick/Retro68-build/toolchain/powerpc-apple-macos/bin/ld) is GNU ld
configure:14373: result: yes
configure:14428: checking whether the powerpc-apple-macos-g++ linker (/home/nick/Retro68-build/toolchain/powerpc-apple-macos/bin/ld) supports shared libraries
configure:15371: result: no
configure:15399: powerpc-apple-macos-g++ -c -g -O2  conftest.cpp >&5
configure:15402: $? = 0
configure:15584: checking for powerpc-apple-macos-g++ option to produce PIC
configure:15906: result: -fPIC -DPIC
configure:15915: checking if powerpc-apple-macos-g++ PIC flag -fPIC -DPIC works
configure:15934: powerpc-apple-macos-g++ -c -g -O2  -fPIC -DPIC -DPIC conftest.cpp >&5
configure:15938: $? = 0
configure:15951: result: yes
configure:15972: checking if powerpc-apple-macos-g++ static flag -static works
configure:16001: result: yes
configure:16013: checking if powerpc-apple-macos-g++ supports -c -o file.o
configure:16035: powerpc-apple-macos-g++ -c -g -O2  -o out/conftest2.o conftest.cpp >&5
configure:16039: $? = 0
configure:16061: result: yes
configure:16066: checking if powerpc-apple-macos-g++ supports -c -o file.o
configure:16114: result: yes
configure:16144: checking whether the powerpc-apple-macos-g++ linker (/home/nick/Retro68-build/toolchain/powerpc-apple-macos/bin/ld) supports shared libraries
configure:16170: result: no
configure:16307: checking dynamic linker characteristics
configure:16931: result: no
configure:16982: checking how to hardcode library paths into programs
configure:17007: result: immediate
configure:17048: checking dependency style of powerpc-apple-macos-g++
configure:17160: result: gcc3
configure:17178: checking for powerpc-apple-macos-windres
configure:17213: result: no
configure:17223: checking for windres
configure:17258: result: no
configure:17285: checking for special C compiler options needed for large files
configure:17333: result: no
configure:17339: checking for _FILE_OFFSET_BITS value needed for large files
configure:17365: powerpc-apple-macos-gcc -c -g -O2  conftest.c >&5
conftest.c:30:39: warning: result of '-2147483648 << 31' requires 63 bits to represent, but 'long int' only has 32 bits [-Wshift-overflow=]
   30 | #define LARGE_OFF_T (((off_t) 1 << 31 << 31) - 1 + ((off_t) 1 << 31 << 31))
      |                                       ^~
conftest.c:31:23: note: in expansion of macro 'LARGE_OFF_T'
   31 |   int off_t_is_large[(LARGE_OFF_T % 2147483629 == 721
      |                       ^~~~~~~~~~~
conftest.c:30:69: warning: result of '-2147483648 << 31' requires 63 bits to represent, but 'long int' only has 32 bits [-Wshift-overflow=]
   30 | #define LARGE_OFF_T (((off_t) 1 << 31 << 31) - 1 + ((off_t) 1 << 31 << 31))
      |                                                                     ^~
conftest.c:31:23: note: in expansion of macro 'LARGE_OFF_T'
   31 |   int off_t_is_large[(LARGE_OFF_T % 2147483629 == 721
      |                       ^~~~~~~~~~~
conftest.c:30:39: warning: result of '-2147483648 << 31' requires 63 bits to represent, but 'long int' only has 32 bits [-Wshift-overflow=]
   30 | #define LARGE_OFF_T (((off_t) 1 << 31 << 31) - 1 + ((off_t) 1 << 31 << 31))
      |                                       ^~
conftest.c:32:27: note: in expansion of macro 'LARGE_OFF_T'
   32 |                        && LARGE_OFF_T % 2147483647 == 1)
      |                           ^~~~~~~~~~~
conftest.c:30:69: warning: result of '-2147483648 << 31' requires 63 bits to represent, but 'long int' only has 32 bits [-Wshift-overflow=]
   30 | #define LARGE_OFF_T (((off_t) 1 << 31 << 31) - 1 + ((off_t) 1 << 31 << 31))
      |                                                                     ^~
conftest.c:32:27: note: in expansion of macro 'LARGE_OFF_T'
   32 |                        && LARGE_OFF_T % 2147483647 == 1)
      |                           ^~~~~~~~~~~
conftest.c:31:7: error: variably modified 'off_t_is_large' at file scope
   31 |   int off_t_is_large[(LARGE_OFF_T % 2147483629 == 721
      |       ^~~~~~~~~~~~~~
configure:17365: $? = 1
configure: failed program was:
| /* confdefs.h */
| #define PACKAGE_NAME "SDL2_ttf"
| #define PACKAGE_TARNAME "SDL2_ttf"
| #define PACKAGE_VERSION "2.25.0"
| #define PACKAGE_STRING "SDL2_ttf 2.25.0"
| #define PACKAGE_BUGREPORT "https://github.com/libsdl-org/SDL_ttf/issues"
| #define PACKAGE_URL ""
| #define HAVE_STDIO_H 1
| #define HAVE_STDLIB_H 1
| #define HAVE_STRING_H 1
| #define HAVE_INTTYPES_H 1
| #define HAVE_STDINT_H 1
| #define HAVE_STRINGS_H 1
| #define HAVE_SYS_STAT_H 1
| #define HAVE_SYS_TYPES_H 1
| #define HAVE_UNISTD_H 1
| #define STDC_HEADERS 1
| #define LT_OBJDIR ".libs/"
| #define SDL_BUILD_MAJOR_VERSION 2
| #define SDL_BUILD_MINOR_VERSION 25
| #define SDL_BUILD_MICRO_VERSION 0
| #define PACKAGE "SDL2_ttf"
| #define VERSION "2.25.0"
| /* end confdefs.h.  */
| #include <sys/types.h>
|  /* Check that off_t can represent 2**63 - 1 correctly.
|     We can't simply define LARGE_OFF_T to be 9223372036854775807,
|     since some C++ compilers masquerading as C compilers
|     incorrectly reject 9223372036854775807.  */
| #define LARGE_OFF_T (((off_t) 1 << 31 << 31) - 1 + ((off_t) 1 << 31 << 31))
|   int off_t_is_large[(LARGE_OFF_T % 2147483629 == 721
| 		       && LARGE_OFF_T % 2147483647 == 1)
| 		      ? 1 : -1];
| int
| main (void)
| {
| 
|   ;
|   return 0;
| }
configure:17390: powerpc-apple-macos-gcc -c -g -O2  conftest.c >&5
conftest.c:31:39: warning: result of '-2147483648 << 31' requires 63 bits to represent, but 'long int' only has 32 bits [-Wshift-overflow=]
   31 | #define LARGE_OFF_T (((off_t) 1 << 31 << 31) - 1 + ((off_t) 1 << 31 << 31))
      |                                       ^~
conftest.c:32:23: note: in expansion of macro 'LARGE_OFF_T'
   32 |   int off_t_is_large[(LARGE_OFF_T % 2147483629 == 721
      |                       ^~~~~~~~~~~
conftest.c:31:69: warning: result of '-2147483648 << 31' requires 63 bits to represent, but 'long int' only has 32 bits [-Wshift-overflow=]
   31 | #define LARGE_OFF_T (((off_t) 1 << 31 << 31) - 1 + ((off_t) 1 << 31 << 31))
      |                                                                     ^~
conftest.c:32:23: note: in expansion of macro 'LARGE_OFF_T'
   32 |   int off_t_is_large[(LARGE_OFF_T % 2147483629 == 721
      |                       ^~~~~~~~~~~
conftest.c:31:39: warning: result of '-2147483648 << 31' requires 63 bits to represent, but 'long int' only has 32 bits [-Wshift-overflow=]
   31 | #define LARGE_OFF_T (((off_t) 1 << 31 << 31) - 1 + ((off_t) 1 << 31 << 31))
      |                                       ^~
conftest.c:33:27: note: in expansion of macro 'LARGE_OFF_T'
   33 |                        && LARGE_OFF_T % 2147483647 == 1)
      |                           ^~~~~~~~~~~
conftest.c:31:69: warning: result of '-2147483648 << 31' requires 63 bits to represent, but 'long int' only has 32 bits [-Wshift-overflow=]
   31 | #define LARGE_OFF_T (((off_t) 1 << 31 << 31) - 1 + ((off_t) 1 << 31 << 31))
      |                                                                     ^~
conftest.c:33:27: note: in expansion of macro 'LARGE_OFF_T'
   33 |                        && LARGE_OFF_T % 2147483647 == 1)
      |                           ^~~~~~~~~~~
conftest.c:32:7: error: variably modified 'off_t_is_large' at file scope
   32 |   int off_t_is_large[(LARGE_OFF_T % 2147483629 == 721
      |       ^~~~~~~~~~~~~~
configure:17390: $? = 1
configure: failed program was:
| /* confdefs.h */
| #define PACKAGE_NAME "SDL2_ttf"
| #define PACKAGE_TARNAME "SDL2_ttf"
| #define PACKAGE_VERSION "2.25.0"
| #define PACKAGE_STRING "SDL2_ttf 2.25.0"
| #define PACKAGE_BUGREPORT "https://github.com/libsdl-org/SDL_ttf/issues"
| #define PACKAGE_URL ""
| #define HAVE_STDIO_H 1
| #define HAVE_STDLIB_H 1
| #define HAVE_STRING_H 1
| #define HAVE_INTTYPES_H 1
| #define HAVE_STDINT_H 1
| #define HAVE_STRINGS_H 1
| #define HAVE_SYS_STAT_H 1
| #define HAVE_SYS_TYPES_H 1
| #define HAVE_UNISTD_H 1
| #define STDC_HEADERS 1
| #define LT_OBJDIR ".libs/"
| #define SDL_BUILD_MAJOR_VERSION 2
| #define SDL_BUILD_MINOR_VERSION 25
| #define SDL_BUILD_MICRO_VERSION 0
| #define PACKAGE "SDL2_ttf"
| #define VERSION "2.25.0"
| /* end confdefs.h.  */
| #define _FILE_OFFSET_BITS 64
| #include <sys/types.h>
|  /* Check that off_t can represent 2**63 - 1 correctly.
|     We can't simply define LARGE_OFF_T to be 9223372036854775807,
|     since some C++ compilers masquerading as C compilers
|     incorrectly reject 9223372036854775807.  */
| #define LARGE_OFF_T (((off_t) 1 << 31 << 31) - 1 + ((off_t) 1 << 31 << 31))
|   int off_t_is_large[(LARGE_OFF_T % 2147483629 == 721
| 		       && LARGE_OFF_T % 2147483647 == 1)
| 		      ? 1 : -1];
| int
| main (void)
| {
| 
|   ;
|   return 0;
| }
configure:17399: result: unknown
configure:17409: checking for _LARGE_FILES value needed for large files
configure:17435: powerpc-apple-macos-gcc -c -g -O2  conftest.c >&5
conftest.c:30:39: warning: result of '-2147483648 << 31' requires 63 bits to represent, but 'long int' only has 32 bits [-Wshift-overflow=]
   30 | #define LARGE_OFF_T (((off_t) 1 << 31 << 31) - 1 + ((off_t) 1 << 31 << 31))
      |                                       ^~
conftest.c:31:23: note: in expansion of macro 'LARGE_OFF_T'
   31 |   int off_t_is_large[(LARGE_OFF_T % 2147483629 == 721
      |                       ^~~~~~~~~~~
conftest.c:30:69: warning: result of '-2147483648 << 31' requires 63 bits to represent, but 'long int' only has 32 bits [-Wshift-overflow=]
   30 | #define LARGE_OFF_T (((off_t) 1 << 31 << 31) - 1 + ((off_t) 1 << 31 << 31))
      |                                                                     ^~
conftest.c:31:23: note: in expansion of macro 'LARGE_OFF_T'
   31 |   int off_t_is_large[(LARGE_OFF_T % 2147483629 == 721
      |                       ^~~~~~~~~~~
conftest.c:30:39: warning: result of '-2147483648 << 31' requires 63 bits to represent, but 'long int' only has 32 bits [-Wshift-overflow=]
   30 | #define LARGE_OFF_T (((off_t) 1 << 31 << 31) - 1 + ((off_t) 1 << 31 << 31))
      |                                       ^~
conftest.c:32:27: note: in expansion of macro 'LARGE_OFF_T'
   32 |                        && LARGE_OFF_T % 2147483647 == 1)
      |                           ^~~~~~~~~~~
conftest.c:30:69: warning: result of '-2147483648 << 31' requires 63 bits to represent, but 'long int' only has 32 bits [-Wshift-overflow=]
   30 | #define LARGE_OFF_T (((off_t) 1 << 31 << 31) - 1 + ((off_t) 1 << 31 << 31))
      |                                                                     ^~
conftest.c:32:27: note: in expansion of macro 'LARGE_OFF_T'
   32 |                        && LARGE_OFF_T % 2147483647 == 1)
      |                           ^~~~~~~~~~~
conftest.c:31:7: error: variably modified 'off_t_is_large' at file scope
   31 |   int off_t_is_large[(LARGE_OFF_T % 2147483629 == 721
      |       ^~~~~~~~~~~~~~
configure:17435: $? = 1
configure: failed program was:
| /* confdefs.h */
| #define PACKAGE_NAME "SDL2_ttf"
| #define PACKAGE_TARNAME "SDL2_ttf"
| #define PACKAGE_VERSION "2.25.0"
| #define PACKAGE_STRING "SDL2_ttf 2.25.0"
| #define PACKAGE_BUGREPORT "https://github.com/libsdl-org/SDL_ttf/issues"
| #define PACKAGE_URL ""
| #define HAVE_STDIO_H 1
| #define HAVE_STDLIB_H 1
| #define HAVE_STRING_H 1
| #define HAVE_INTTYPES_H 1
| #define HAVE_STDINT_H 1
| #define HAVE_STRINGS_H 1
| #define HAVE_SYS_STAT_H 1
| #define HAVE_SYS_TYPES_H 1
| #define HAVE_UNISTD_H 1
| #define STDC_HEADERS 1
| #define LT_OBJDIR ".libs/"
| #define SDL_BUILD_MAJOR_VERSION 2
| #define SDL_BUILD_MINOR_VERSION 25
| #define SDL_BUILD_MICRO_VERSION 0
| #define PACKAGE "SDL2_ttf"
| #define VERSION "2.25.0"
| /* end confdefs.h.  */
| #include <sys/types.h>
|  /* Check that off_t can represent 2**63 - 1 correctly.
|     We can't simply define LARGE_OFF_T to be 9223372036854775807,
|     since some C++ compilers masquerading as C compilers
|     incorrectly reject 9223372036854775807.  */
| #define LARGE_OFF_T (((off_t) 1 << 31 << 31) - 1 + ((off_t) 1 << 31 << 31))
|   int off_t_is_large[(LARGE_OFF_T % 2147483629 == 721
| 		       && LARGE_OFF_T % 2147483647 == 1)
| 		      ? 1 : -1];
| int
| main (void)
| {
| 
|   ;
|   return 0;
| }
configure:17460: powerpc-apple-macos-gcc -c -g -O2  conftest.c >&5
conftest.c:31:39: warning: result of '-2147483648 << 31' requires 63 bits to represent, but 'long int' only has 32 bits [-Wshift-overflow=]
   31 | #define LARGE_OFF_T (((off_t) 1 << 31 << 31) - 1 + ((off_t) 1 << 31 << 31))
      |                                       ^~
conftest.c:32:23: note: in expansion of macro 'LARGE_OFF_T'
   32 |   int off_t_is_large[(LARGE_OFF_T % 2147483629 == 721
      |                       ^~~~~~~~~~~
conftest.c:31:69: warning: result of '-2147483648 << 31' requires 63 bits to represent, but 'long int' only has 32 bits [-Wshift-overflow=]
   31 | #define LARGE_OFF_T (((off_t) 1 << 31 << 31) - 1 + ((off_t) 1 << 31 << 31))
      |                                                                     ^~
conftest.c:32:23: note: in expansion of macro 'LARGE_OFF_T'
   32 |   int off_t_is_large[(LARGE_OFF_T % 2147483629 == 721
      |                       ^~~~~~~~~~~
conftest.c:31:39: warning: result of '-2147483648 << 31' requires 63 bits to represent, but 'long int' only has 32 bits [-Wshift-overflow=]
   31 | #define LARGE_OFF_T (((off_t) 1 << 31 << 31) - 1 + ((off_t) 1 << 31 << 31))
      |                                       ^~
conftest.c:33:27: note: in expansion of macro 'LARGE_OFF_T'
   33 |                        && LARGE_OFF_T % 2147483647 == 1)
      |                           ^~~~~~~~~~~
conftest.c:31:69: warning: result of '-2147483648 << 31' requires 63 bits to represent, but 'long int' only has 32 bits [-Wshift-overflow=]
   31 | #define LARGE_OFF_T (((off_t) 1 << 31 << 31) - 1 + ((off_t) 1 << 31 << 31))
      |                                                                     ^~
conftest.c:33:27: note: in expansion of macro 'LARGE_OFF_T'
   33 |                        && LARGE_OFF_T % 2147483647 == 1)
      |                           ^~~~~~~~~~~
conftest.c:32:7: error: variably modified 'off_t_is_large' at file scope
   32 |   int off_t_is_large[(LARGE_OFF_T % 2147483629 == 721
      |       ^~~~~~~~~~~~~~
configure:17460: $? = 1
configure: failed program was:
| /* confdefs.h */
| #define PACKAGE_NAME "SDL2_ttf"
| #define PACKAGE_TARNAME "SDL2_ttf"
| #define PACKAGE_VERSION "2.25.0"
| #define PACKAGE_STRING "SDL2_ttf 2.25.0"
| #define PACKAGE_BUGREPORT "https://github.com/libsdl-org/SDL_ttf/issues"
| #define PACKAGE_URL ""
| #define HAVE_STDIO_H 1
| #define HAVE_STDLIB_H 1
| #define HAVE_STRING_H 1
| #define HAVE_INTTYPES_H 1
| #define HAVE_STDINT_H 1
| #define HAVE_STRINGS_H 1
| #define HAVE_SYS_STAT_H 1
| #define HAVE_SYS_TYPES_H 1
| #define HAVE_UNISTD_H 1
| #define STDC_HEADERS 1
| #define LT_OBJDIR ".libs/"
| #define SDL_BUILD_MAJOR_VERSION 2
| #define SDL_BUILD_MINOR_VERSION 25
| #define SDL_BUILD_MICRO_VERSION 0
| #define PACKAGE "SDL2_ttf"
| #define VERSION "2.25.0"
| /* end confdefs.h.  */
| #define _LARGE_FILES 1
| #include <sys/types.h>
|  /* Check that off_t can represent 2**63 - 1 correctly.
|     We can't simply define LARGE_OFF_T to be 9223372036854775807,
|     since some C++ compilers masquerading as C compilers
|     incorrectly reject 9223372036854775807.  */
| #define LARGE_OFF_T (((off_t) 1 << 31 << 31) - 1 + ((off_t) 1 << 31 << 31))
|   int off_t_is_large[(LARGE_OFF_T % 2147483629 == 721
| 		       && LARGE_OFF_T % 2147483647 == 1)
| 		      ? 1 : -1];
| int
| main (void)
| {
| 
|   ;
|   return 0;
| }
configure:17469: result: unknown
configure:17482: checking whether make sets $(MAKE)
configure:17505: result: yes
configure:17567: checking for powerpc-apple-macos-pkg-config
configure:17605: result: no
configure:17615: checking for pkg-config
configure:17638: found /usr/bin/pkg-config
configure:17650: result: /usr/bin/pkg-config
configure:17662: WARNING: using cross tools not prefixed with host triplet
configure:17675: checking pkg-config is at least version 0.9.0
configure:17678: result: yes
configure:17718: checking for sdl2 >= 2.0.10
configure:17783: result: yes
configure:18057: checking for GCC -Wall option
configure:18074: powerpc-apple-macos-gcc -c -g -O2 -I/home/nick/Retro68-build/toolchain/powerpc-apple-macos/include/SDL2 -Wall  conftest.c >&5
configure:18074: $? = 0
configure:18079: result: yes
configure:18087: checking for necessary GCC -Wno-multichar option
configure:18095: result: no
configure:18106: checking for GCC -fvisibility=hidden option
configure:18135: powerpc-apple-macos-gcc -c -g -O2 -I/home/nick/Retro68-build/toolchain/powerpc-apple-macos/include/SDL2 -Wall -fvisibility=hidden -Werror  conftest.c >&5
configure:18135: $? = 0
configure:18140: result: yes
configure:18021: checking for linker option --no-undefined
configure:18041: powerpc-apple-macos-gcc -o conftest -g -O2 -I/home/nick/Retro68-build/toolchain/powerpc-apple-macos/include/SDL2 -Wall -fvisibility=hidden   -Wl,--no-undefined conftest.c  -L/home/nick/Retro68-build/toolchain/powerpc-apple-macos/lib -lSDL2 -lm >&5
configure:18041: $? = 0
configure:18051: result: yes
configure:20170: checking how to run the C preprocessor
configure:20196: powerpc-apple-macos-gcc -E  conftest.c
configure:20196: $? = 0
configure:20211: powerpc-apple-macos-gcc -E  conftest.c
conftest.c:26:10: fatal error: ac_nonexistent.h: No such file or directory
   26 | #include <ac_nonexistent.h>
      |          ^~~~~~~~~~~~~~~~~~
compilation terminated.
configure:20211: $? = 1
configure: failed program was:
| /* confdefs.h */
| #define PACKAGE_NAME "SDL2_ttf"
| #define PACKAGE_TARNAME "SDL2_ttf"
| #define PACKAGE_VERSION "2.25.0"
| #define PACKAGE_STRING "SDL2_ttf 2.25.0"
| #define PACKAGE_BUGREPORT "https://github.com/libsdl-org/SDL_ttf/issues"
| #define PACKAGE_URL ""
| #define HAVE_STDIO_H 1
| #define HAVE_STDLIB_H 1
| #define HAVE_STRING_H 1
| #define HAVE_INTTYPES_H 1
| #define HAVE_STDINT_H 1
| #define HAVE_STRINGS_H 1
| #define HAVE_SYS_STAT_H 1
| #define HAVE_SYS_TYPES_H 1
| #define HAVE_UNISTD_H 1
| #define STDC_HEADERS 1
| #define LT_OBJDIR ".libs/"
| #define SDL_BUILD_MAJOR_VERSION 2
| #define SDL_BUILD_MINOR_VERSION 25
| #define SDL_BUILD_MICRO_VERSION 0
| #define PACKAGE "SDL2_ttf"
| #define VERSION "2.25.0"
| #define TTF_USE_HARFBUZZ 0
| /* end confdefs.h.  */
| #include <ac_nonexistent.h>
configure:20238: result: powerpc-apple-macos-gcc -E
configure:20252: powerpc-apple-macos-gcc -E  conftest.c
configure:20252: $? = 0
configure:20267: powerpc-apple-macos-gcc -E  conftest.c
conftest.c:26:10: fatal error: ac_nonexistent.h: No such file or directory
   26 | #include <ac_nonexistent.h>
      |          ^~~~~~~~~~~~~~~~~~
compilation terminated.
configure:20267: $? = 1
configure: failed program was:
| /* confdefs.h */
| #define PACKAGE_NAME "SDL2_ttf"
| #define PACKAGE_TARNAME "SDL2_ttf"
| #define PACKAGE_VERSION "2.25.0"
| #define PACKAGE_STRING "SDL2_ttf 2.25.0"
| #define PACKAGE_BUGREPORT "https://github.com/libsdl-org/SDL_ttf/issues"
| #define PACKAGE_URL ""
| #define HAVE_STDIO_H 1
| #define HAVE_STDLIB_H 1
| #define HAVE_STRING_H 1
| #define HAVE_INTTYPES_H 1
| #define HAVE_STDINT_H 1
| #define HAVE_STRINGS_H 1
| #define HAVE_SYS_STAT_H 1
| #define HAVE_SYS_TYPES_H 1
| #define HAVE_UNISTD_H 1
| #define STDC_HEADERS 1
| #define LT_OBJDIR ".libs/"
| #define SDL_BUILD_MAJOR_VERSION 2
| #define SDL_BUILD_MINOR_VERSION 25
| #define SDL_BUILD_MICRO_VERSION 0
| #define PACKAGE "SDL2_ttf"
| #define VERSION "2.25.0"
| #define TTF_USE_HARFBUZZ 0
| /* end confdefs.h.  */
| #include <ac_nonexistent.h>
configure:20298: checking for X
configure:20336: powerpc-apple-macos-gcc -o conftest -g -O2 -I/home/nick/Retro68-build/toolchain/powerpc-apple-macos/include/SDL2 -Wall -fvisibility=hidden   -Wl,--no-undefined conftest.c -lX11  -L/home/nick/Retro68-build/toolchain/powerpc-apple-macos/lib -lSDL2 -lm >&5
conftest.c:26:10: fatal error: X11/Xlib.h: No such file or directory
   26 | #include <X11/Xlib.h>
      |          ^~~~~~~~~~~~
compilation terminated.
configure:20336: $? = 1
configure: failed program was:
| /* confdefs.h */
| #define PACKAGE_NAME "SDL2_ttf"
| #define PACKAGE_TARNAME "SDL2_ttf"
| #define PACKAGE_VERSION "2.25.0"
| #define PACKAGE_STRING "SDL2_ttf 2.25.0"
| #define PACKAGE_BUGREPORT "https://github.com/libsdl-org/SDL_ttf/issues"
| #define PACKAGE_URL ""
| #define HAVE_STDIO_H 1
| #define HAVE_STDLIB_H 1
| #define HAVE_STRING_H 1
| #define HAVE_INTTYPES_H 1
| #define HAVE_STDINT_H 1
| #define HAVE_STRINGS_H 1
| #define HAVE_SYS_STAT_H 1
| #define HAVE_SYS_TYPES_H 1
| #define HAVE_UNISTD_H 1
| #define STDC_HEADERS 1
| #define LT_OBJDIR ".libs/"
| #define SDL_BUILD_MAJOR_VERSION 2
| #define SDL_BUILD_MINOR_VERSION 25
| #define SDL_BUILD_MICRO_VERSION 0
| #define PACKAGE "SDL2_ttf"
| #define VERSION "2.25.0"
| #define TTF_USE_HARFBUZZ 0
| /* end confdefs.h.  */
| #include <X11/Xlib.h>
| int
| main (void)
| {
| XrmInitialize ()
|   ;
|   return 0;
| }
configure:20512: result: no
configure:21029: checking for OpenGL support
configure:21049: powerpc-apple-macos-gcc -o conftest -g -O2 -I/home/nick/Retro68-build/toolchain/powerpc-apple-macos/include/SDL2 -Wall -fvisibility=hidden   -Wl,--no-undefined conftest.c  -L/home/nick/Retro68-build/toolchain/powerpc-apple-macos/lib -lSDL2 -lm -lGL >&5
/home/nick/Retro68-build/toolchain/lib/gcc/powerpc-apple-macos/12.2.0/../../../../powerpc-apple-macos/bin/ld: cannot find -lGL: No such file or directory
collect2: error: ld returned 1 exit status
configure:21049: $? = 1
configure: failed program was:
| /* confdefs.h */
| #define PACKAGE_NAME "SDL2_ttf"
| #define PACKAGE_TARNAME "SDL2_ttf"
| #define PACKAGE_VERSION "2.25.0"
| #define PACKAGE_STRING "SDL2_ttf 2.25.0"
| #define PACKAGE_BUGREPORT "https://github.com/libsdl-org/SDL_ttf/issues"
| #define PACKAGE_URL ""
| #define HAVE_STDIO_H 1
| #define HAVE_STDLIB_H 1
| #define HAVE_STRING_H 1
| #define HAVE_INTTYPES_H 1
| #define HAVE_STDINT_H 1
| #define HAVE_STRINGS_H 1
| #define HAVE_SYS_STAT_H 1
| #define HAVE_SYS_TYPES_H 1
| #define HAVE_UNISTD_H 1
| #define STDC_HEADERS 1
| #define LT_OBJDIR ".libs/"
| #define SDL_BUILD_MAJOR_VERSION 2
| #define SDL_BUILD_MINOR_VERSION 25
| #define SDL_BUILD_MICRO_VERSION 0
| #define PACKAGE "SDL2_ttf"
| #define VERSION "2.25.0"
| #define TTF_USE_HARFBUZZ 0
| #define X_DISPLAY_MISSING 1
| /* end confdefs.h.  */
| 
|  #include "SDL_opengl.h"
| 
| int
| main (void)
| {
| 
|  glOrtho(-2.0, 2.0, -2.0, 2.0, -20.0, 20.0);
| 
|   ;
|   return 0;
| }
configure:21055: result: no
configure:21309: checking that generated files are newer than configure
configure:21315: result: done
configure:21362: creating ./config.status

## ---------------------- ##
## Running config.status. ##
## ---------------------- ##

This file was extended by SDL2_ttf config.status 2.25.0, which was
generated by GNU Autoconf 2.71.  Invocation command line was

  CONFIG_FILES    = 
  CONFIG_HEADERS  = 
  CONFIG_LINKS    = 
  CONFIG_COMMANDS = 
  $ ./config.status 

on nick-hplaptop17by0xxx

config.status:1098: creating Makefile
config.status:1098: creating sdl2_ttf-config.cmake
config.status:1098: creating sdl2_ttf-config-version.cmake
config.status:1098: creating SDL2_ttf.spec
config.status:1098: creating SDL2_ttf.pc
config.status:1270: executing libtool commands
config.status:1270: executing depfiles commands
config.status:2156: cd .       && sed -e '/# am--include-marker/d' Makefile         | make -f - am--depfiles
make: Nothing to be done for 'am--depfiles'.
config.status:2161: $? = 0
config.status:1270: executing summary commands

## ---------------- ##
## Cache variables. ##
## ---------------- ##

ac_cv_build=x86_64-pc-linux-gnu
ac_cv_c_compiler_gnu=yes
ac_cv_cxx_compiler_gnu=yes
ac_cv_env_CCC_set=
ac_cv_env_CCC_value=
ac_cv_env_CC_set=
ac_cv_env_CC_value=
ac_cv_env_CFLAGS_set=
ac_cv_env_CFLAGS_value=
ac_cv_env_CPPFLAGS_set=
ac_cv_env_CPPFLAGS_value=
ac_cv_env_CPP_set=
ac_cv_env_CPP_value=
ac_cv_env_CXXCPP_set=
ac_cv_env_CXXCPP_value=
ac_cv_env_CXXFLAGS_set=
ac_cv_env_CXXFLAGS_value=
ac_cv_env_CXX_set=
ac_cv_env_CXX_value=
ac_cv_env_FT2_CFLAGS_set=
ac_cv_env_FT2_CFLAGS_value=
ac_cv_env_FT2_LIBS_set=
ac_cv_env_FT2_LIBS_value=
ac_cv_env_HB_CFLAGS_set=
ac_cv_env_HB_CFLAGS_value=
ac_cv_env_HB_LIBS_set=
ac_cv_env_HB_LIBS_value=
ac_cv_env_LDFLAGS_set=
ac_cv_env_LDFLAGS_value=
ac_cv_env_LIBS_set=
ac_cv_env_LIBS_value=
ac_cv_env_PKG_CONFIG_LIBDIR_set=
ac_cv_env_PKG_CONFIG_LIBDIR_value=
ac_cv_env_PKG_CONFIG_PATH_set=
ac_cv_env_PKG_CONFIG_PATH_value=
ac_cv_env_PKG_CONFIG_set=
ac_cv_env_PKG_CONFIG_value=
ac_cv_env_SDL_CFLAGS_set=set
ac_cv_env_SDL_CFLAGS_value=-I/home/nick/Retro68-build/toolchain/powerpc-apple-macos/include/SDL2
ac_cv_env_SDL_LIBS_set=set
ac_cv_env_SDL_LIBS_value='-L/home/nick/Retro68-build/toolchain/powerpc-apple-macos/lib -lSDL2 -lm'
ac_cv_env_XMKMF_set=
ac_cv_env_XMKMF_value=
ac_cv_env_build_alias_set=
ac_cv_env_build_alias_value=
ac_cv_env_host_alias_set=set
ac_cv_env_host_alias_value=powerpc-apple-macos
ac_cv_env_target_alias_set=
ac_cv_env_target_alias_value=
ac_cv_have_x=have_x=no
ac_cv_header_dlfcn_h=no
ac_cv_header_inttypes_h=yes
ac_cv_header_stdint_h=yes
ac_cv_header_stdio_h=yes
ac_cv_header_stdlib_h=yes
ac_cv_header_string_h=yes
ac_cv_header_strings_h=yes
ac_cv_header_sys_stat_h=yes
ac_cv_header_sys_types_h=yes
ac_cv_header_unistd_h=yes
ac_cv_host=powerpc-apple-macos
ac_cv_objext=o
ac_cv_path_EGREP='/usr/bin/grep -E'
ac_cv_path_FGREP='/usr/bin/grep -F'
ac_cv_path_GREP=/usr/bin/grep
ac_cv_path_SED=/usr/bin/sed
ac_cv_path_ac_pt_PKG_CONFIG=/usr/bin/pkg-config
ac_cv_path_install='/usr/bin/install -c'
ac_cv_path_mkdir=/usr/bin/mkdir
ac_cv_prog_AR=powerpc-apple-macos-ar
ac_cv_prog_AWK=mawk
ac_cv_prog_CC=powerpc-apple-macos-gcc
ac_cv_prog_CPP='powerpc-apple-macos-gcc -E'
ac_cv_prog_CXX=powerpc-apple-macos-g++
ac_cv_prog_CXXCPP='powerpc-apple-macos-g++ -E'
ac_cv_prog_OBJDUMP=powerpc-apple-macos-objdump
ac_cv_prog_RANLIB=powerpc-apple-macos-ranlib
ac_cv_prog_STRIP=powerpc-apple-macos-strip
ac_cv_prog_cc_c11=
ac_cv_prog_cc_g=yes
ac_cv_prog_cc_stdc=
ac_cv_prog_cxx_cxx11=
ac_cv_prog_cxx_g=yes
ac_cv_prog_cxx_stdcxx=
ac_cv_prog_make_make_set=yes
ac_cv_sys_file_offset_bits=unknown
ac_cv_sys_large_files=unknown
ac_cv_sys_largefile_CC=no
am_cv_CC_dependencies_compiler_type=gcc3
am_cv_CXX_dependencies_compiler_type=gcc3
am_cv_make_support_nested_variables=yes
am_cv_prog_cc_c_o=yes
am_cv_prog_tar_ustar=gnutar
lt_cv_deplibs_check_method=unknown
lt_cv_file_magic_cmd='$MAGIC_CMD'
lt_cv_file_magic_test_file=
lt_cv_ld_reload_flag=-r
lt_cv_nm_interface='BSD nm'
lt_cv_objdir=.libs
lt_cv_path_LD=/home/nick/Retro68-build/toolchain/powerpc-apple-macos/bin/ld
lt_cv_path_LDCXX=/home/nick/Retro68-build/toolchain/powerpc-apple-macos/bin/ld
lt_cv_path_NM='/home/nick/Retro68-build/toolchain/bin/powerpc-apple-macos-nm -B'
lt_cv_prog_compiler_c_o=yes
lt_cv_prog_compiler_c_o_CXX=yes
lt_cv_prog_compiler_pic_works=yes
lt_cv_prog_compiler_pic_works_CXX=yes
lt_cv_prog_compiler_rtti_exceptions=no
lt_cv_prog_compiler_static_works=yes
lt_cv_prog_compiler_static_works_CXX=yes
lt_cv_prog_gnu_ld=yes
lt_cv_prog_gnu_ldcxx=yes
lt_cv_sys_global_symbol_pipe='sed -n -e '\''s/^.*[	 ]\([ABCDGIRSTW][ABCDGIRSTW]*\)[	 ][	 ]*\([_A-Za-z][_A-Za-z0-9]*\)$/\1 \2 \2/p'\'''
lt_cv_sys_global_symbol_to_c_name_address='sed -n -e '\''s/^: \([^ ]*\) $/  {\"\1\", (void *) 0},/p'\'' -e '\''s/^[ABCDGIRSTW]* \([^ ]*\) \([^ ]*\)$/  {"\2", (void *) \&\2},/p'\'''
lt_cv_sys_global_symbol_to_c_name_address_lib_prefix='sed -n -e '\''s/^: \([^ ]*\) $/  {\"\1\", (void *) 0},/p'\'' -e '\''s/^[ABCDGIRSTW]* \([^ ]*\) \(lib[^ ]*\)$/  {"\2", (void *) \&\2},/p'\'' -e '\''s/^[ABCDGIRSTW]* \([^ ]*\) \([^ ]*\)$/  {"lib\2", (void *) \&\2},/p'\'''
lt_cv_sys_global_symbol_to_cdecl='sed -n -e '\''s/^T .* \(.*\)$/extern int \1();/p'\'' -e '\''s/^[ABCDGIRSTW]* .* \(.*\)$/extern char \1;/p'\'''
lt_cv_sys_max_cmd_len=1572864
pkg_cv_SDL_CFLAGS=-I/home/nick/Retro68-build/toolchain/powerpc-apple-macos/include/SDL2
pkg_cv_SDL_LIBS='-L/home/nick/Retro68-build/toolchain/powerpc-apple-macos/lib -lSDL2 -lm'

## ----------------- ##
## Output variables. ##
## ----------------- ##

ACLOCAL='${SHELL} '\''/home/nick/SDL2/SDL2_ttf/missing'\'' aclocal-1.16'
AMDEPBACKSLASH='\'
AMDEP_FALSE='#'
AMDEP_TRUE=''
AMTAR='$${TAR-tar}'
AM_BACKSLASH='\'
AM_DEFAULT_V='$(AM_DEFAULT_VERBOSITY)'
AM_DEFAULT_VERBOSITY='1'
AM_V='$(V)'
AR='powerpc-apple-macos-ar'
AS='as'
AUTOCONF='${SHELL} '\''/home/nick/SDL2/SDL2_ttf/missing'\'' autoconf'
AUTOHEADER='${SHELL} '\''/home/nick/SDL2/SDL2_ttf/missing'\'' autoheader'
AUTOMAKE='${SHELL} '\''/home/nick/SDL2/SDL2_ttf/missing'\'' automake-1.16'
AWK='mawk'
CC='powerpc-apple-macos-gcc'
CCDEPMODE='depmode=gcc3'
CFLAGS='-g -O2 -I/home/nick/Retro68-build/toolchain/powerpc-apple-macos/include/SDL2 -Wall -fvisibility=hidden'
CPP='powerpc-apple-macos-gcc -E'
CPPFLAGS=''
CSCOPE='cscope'
CTAGS='ctags'
CXX='powerpc-apple-macos-g++'
CXXCPP='powerpc-apple-macos-g++ -E'
CXXDEPMODE='depmode=gcc3'
CXXFLAGS='-g -O2 -Wall -fvisibility=hidden'
CYGPATH_W='echo'
DEFS='-DPACKAGE_NAME=\"SDL2_ttf\" -DPACKAGE_TARNAME=\"SDL2_ttf\" -DPACKAGE_VERSION=\"2.25.0\" -DPACKAGE_STRING=\"SDL2_ttf\ 2.25.0\" -DPACKAGE_BUGREPORT=\"https://github.com/libsdl-org/SDL_ttf/issues\" -DPACKAGE_URL=\"\" -DHAVE_STDIO_H=1 -DHAVE_STDLIB_H=1 -DHAVE_STRING_H=1 -DHAVE_INTTYPES_H=1 -DHAVE_STDINT_H=1 -DHAVE_STRINGS_H=1 -DHAVE_SYS_STAT_H=1 -DHAVE_SYS_TYPES_H=1 -DHAVE_UNISTD_H=1 -DSTDC_HEADERS=1 -DLT_OBJDIR=\".libs/\" -DSDL_BUILD_MAJOR_VERSION=2 -DSDL_BUILD_MINOR_VERSION=25 -DSDL_BUILD_MICRO_VERSION=0 -DPACKAGE=\"SDL2_ttf\" -DVERSION=\"2.25.0\" -DTTF_USE_HARFBUZZ=0 -DX_DISPLAY_MISSING=1'
DEPDIR='.deps'
DLLTOOL='dlltool'
DSYMUTIL=''
DUMPBIN=''
ECHO_C=''
ECHO_N='-n'
ECHO_T=''
EGREP='/usr/bin/grep -E'
ETAGS='etags'
EXEEXT=''
FGREP='/usr/bin/grep -F'
FT2_CFLAGS=''
FT2_CONFIG=''
FT2_LIBS=''
GL_LIBS=''
GREP='/usr/bin/grep'
HAVE_CXX11=''
HB_CFLAGS=''
HB_LIBS=''
INSTALL_DATA='${INSTALL} -m 644'
INSTALL_PROGRAM='${INSTALL}'
INSTALL_SCRIPT='${INSTALL}'
INSTALL_STRIP_PROGRAM='$(install_sh) -c -s'
LD='/home/nick/Retro68-build/toolchain/powerpc-apple-macos/bin/ld'
LDFLAGS=' -Wl,--no-undefined'
LIBOBJS=''
LIBS=' -L/home/nick/Retro68-build/toolchain/powerpc-apple-macos/lib -lSDL2 -lm'
LIBTOOL='$(SHELL) $(top_builddir)/libtool'
LIPO=''
LN_S='ln -s'
LTLIBOBJS=''
LT_AGE='2500'
LT_CURRENT='2500'
LT_EXTRA=''
LT_RELEASE='2.0'
LT_REVISION='0'
MAJOR_VERSION='2'
MAKEINFO='${SHELL} '\''/home/nick/SDL2/SDL2_ttf/missing'\'' makeinfo'
MATHLIB='-lm'
MICRO_VERSION='0'
MINOR_VERSION='25'
MKDIR_P='/usr/bin/mkdir -p'
NM='/home/nick/Retro68-build/toolchain/bin/powerpc-apple-macos-nm -B'
NMEDIT=''
OBJDUMP='powerpc-apple-macos-objdump'
OBJEXT='o'
OS_WIN32_FALSE=''
OS_WIN32_TRUE='#'
OTOOL64=''
OTOOL=''
PACKAGE='SDL2_ttf'
PACKAGE_BUGREPORT='https://github.com/libsdl-org/SDL_ttf/issues'
PACKAGE_NAME='SDL2_ttf'
PACKAGE_STRING='SDL2_ttf 2.25.0'
PACKAGE_TARNAME='SDL2_ttf'
PACKAGE_URL=''
PACKAGE_VERSION='2.25.0'
PATH_SEPARATOR=':'
PC_LIBS=''
PC_REQUIRES=''
PKG_CONFIG='/usr/bin/pkg-config'
PKG_CONFIG_LIBDIR=''
PKG_CONFIG_PATH=''
RANLIB='powerpc-apple-macos-ranlib'
RC=':'
SDL2TTF_VENDORED='0'
SDL2_CONFIG='/usr/bin/pkg-config sdl2'
SDL_CFLAGS='-I/home/nick/Retro68-build/toolchain/powerpc-apple-macos/include/SDL2'
SDL_LIBS='-L/home/nick/Retro68-build/toolchain/powerpc-apple-macos/lib -lSDL2 -lm'
SDL_VERSION='2.0.10'
SED='/usr/bin/sed'
SET_MAKE=''
SHELL='/bin/bash'
STRIP='powerpc-apple-macos-strip'
TTF_CFLAGS=''
TTF_LIBS=''
TTF_USE_HARFBUZZ='0'
USE_BUILTIN_FREETYPE_FALSE='#'
USE_BUILTIN_FREETYPE_TRUE=''
USE_BUILTIN_HARFBUZZ_FALSE=''
USE_BUILTIN_HARFBUZZ_TRUE='#'
USE_VERSION_RC_FALSE=''
USE_VERSION_RC_TRUE='#'
VERSION='2.25.0'
XMKMF=''
X_CFLAGS=''
X_EXTRA_LIBS=''
X_LIBS=''
X_PRE_LIBS=''
ac_ct_CC=''
ac_ct_CXX=''
ac_ct_DUMPBIN=''
am__EXEEXT_FALSE=''
am__EXEEXT_TRUE='#'
am__fastdepCC_FALSE='#'
am__fastdepCC_TRUE=''
am__fastdepCXX_FALSE='#'
am__fastdepCXX_TRUE=''
am__include='include'
am__isrc=''
am__leading_dot='.'
am__nodep='_no'
am__quote=''
am__tar='tar --format=ustar -cf - "$$tardir"'
am__untar='tar -xf -'
bindir='${exec_prefix}/bin'
build='x86_64-pc-linux-gnu'
build_alias=''
build_cpu='x86_64'
build_os='linux-gnu'
build_vendor='pc'
cmake_prefix_relpath='../../..'
datadir='${datarootdir}'
datarootdir='${prefix}/share'
docdir='${datarootdir}/doc/${PACKAGE_TARNAME}'
dvidir='${docdir}'
exec_prefix='${prefix}'
host='powerpc-apple-macos'
host_alias='powerpc-apple-macos'
host_cpu='powerpc'
host_os='macos'
host_vendor='apple'
htmldir='${docdir}'
includedir='${prefix}/include'
infodir='${datarootdir}/info'
install_sh='${SHELL} /home/nick/SDL2/SDL2_ttf/install-sh'
libdir='${exec_prefix}/lib'
libexecdir='${exec_prefix}/libexec'
localedir='${datarootdir}/locale'
localstatedir='${prefix}/var'
lt_ECHO='echo'
mandir='${datarootdir}/man'
mkdir_p='$(MKDIR_P)'
oldincludedir='/usr/include'
pdfdir='${docdir}'
prefix='/usr/local'
program_transform_name='s,x,x,'
psdir='${docdir}'
runstatedir='${localstatedir}/run'
sbindir='${exec_prefix}/sbin'
sharedstatedir='${prefix}/com'
sysconfdir='${prefix}/etc'
target_alias=''

## ----------- ##
## confdefs.h. ##
## ----------- ##

/* confdefs.h */
#define PACKAGE_NAME "SDL2_ttf"
#define PACKAGE_TARNAME "SDL2_ttf"
#define PACKAGE_VERSION "2.25.0"
#define PACKAGE_STRING "SDL2_ttf 2.25.0"
#define PACKAGE_BUGREPORT "https://github.com/libsdl-org/SDL_ttf/issues"
#define PACKAGE_URL ""
#define HAVE_STDIO_H 1
#define HAVE_STDLIB_H 1
#define HAVE_STRING_H 1
#define HAVE_INTTYPES_H 1
#define HAVE_STDINT_H 1
#define HAVE_STRINGS_H 1
#define HAVE_SYS_STAT_H 1
#define HAVE_SYS_TYPES_H 1
#define HAVE_UNISTD_H 1
#define STDC_HEADERS 1
#define LT_OBJDIR ".libs/"
#define SDL_BUILD_MAJOR_VERSION 2
#define SDL_BUILD_MINOR_VERSION 25
#define SDL_BUILD_MICRO_VERSION 0
#define PACKAGE "SDL2_ttf"
#define VERSION "2.25.0"
#define TTF_USE_HARFBUZZ 0
#define X_DISPLAY_MISSING 1

configure: exit 0
